2024-05-20T15:37:31.487+0500	INFO	app/app.go:127	gRPC Server Listening	{"url": ":9090"}
2024-05-20T15:47:43.431+0500	INFO	app/app.go:127	gRPC Server Listening	{"url": ":9090"}
2024-05-20T15:52:57.765+0500	INFO	app/main.go:36	Conten service stops !
2024-05-20T15:53:35.275+0500	INFO	app/app.go:127	gRPC Server Listening	{"url": ":9090"}
2024-05-20T15:53:39.147+0500	ERROR	zap/options.go:212	finished unary call with code Unknown	{"grpc.start_time": "2024-05-20T15:53:39+05:00", "grpc.request.deadline": "2024-05-20T15:53:41+05:00", "system": "grpc", "span.kind": "server", "grpc.service": "booking_service.BookedAppointmentsService", "grpc.method": "GetFilteredAppointments", "peer.address": "[::1]:52182", "error": "ERROR: operator does not exist: uuid ~~* unknown (SQLSTATE 42883)", "grpc.code": "Unknown", "grpc.time_ms": 5.089}
github.com/grpc-ecosystem/go-grpc-middleware/logging/zap.DefaultMessageProducer
	/home/ali/go/pkg/mod/github.com/grpc-ecosystem/go-grpc-middleware@v1.4.0/logging/zap/options.go:212
github.com/grpc-ecosystem/go-grpc-middleware/logging/zap.UnaryServerInterceptor.func1
	/home/ali/go/pkg/mod/github.com/grpc-ecosystem/go-grpc-middleware@v1.4.0/logging/zap/server_interceptors.go:39
booking_service/internal/app.NewApp.ChainUnaryServer.func5.1
	/home/ali/go/pkg/mod/github.com/grpc-ecosystem/go-grpc-middleware@v1.4.0/chain.go:48
github.com/grpc-ecosystem/go-grpc-middleware/tags.UnaryServerInterceptor.func1
	/home/ali/go/pkg/mod/github.com/grpc-ecosystem/go-grpc-middleware@v1.4.0/tags/interceptors.go:23
booking_service/internal/app.NewApp.ChainUnaryServer.func5
	/home/ali/go/pkg/mod/github.com/grpc-ecosystem/go-grpc-middleware@v1.4.0/chain.go:53
booking_service/internal/app.NewApp.UnaryInterceptor.func7.1.1
	/home/ali/Goland/Dennic/dennic_booking_service/internal/delivery/grpc/server/middleware.go:16
booking_service/internal/app.NewApp.UnaryInterceptor.func7
	/home/ali/Goland/Dennic/dennic_booking_service/internal/delivery/grpc/server/middleware.go:23
booking_service/genproto/booking_service._BookedAppointmentsService_GetFilteredAppointments_Handler
	/home/ali/Goland/Dennic/dennic_booking_service/genproto/booking_service/booked_appointments.pb.go:1148
google.golang.org/grpc.(*Server).processUnaryRPC
	/home/ali/go/pkg/mod/google.golang.org/grpc@v1.63.2/server.go:1369
google.golang.org/grpc.(*Server).handleStream
	/home/ali/go/pkg/mod/google.golang.org/grpc@v1.63.2/server.go:1780
google.golang.org/grpc.(*Server).serveStreams.func2.1
	/home/ali/go/pkg/mod/google.golang.org/grpc@v1.63.2/server.go:1019
2024-05-20T15:53:40.264+0500	ERROR	zap/options.go:212	finished unary call with code Unknown	{"grpc.start_time": "2024-05-20T15:53:40+05:00", "grpc.request.deadline": "2024-05-20T15:53:42+05:00", "system": "grpc", "span.kind": "server", "grpc.service": "booking_service.BookedAppointmentsService", "grpc.method": "GetFilteredAppointments", "peer.address": "[::1]:52182", "error": "ERROR: operator does not exist: uuid ~~* unknown (SQLSTATE 42883)", "grpc.code": "Unknown", "grpc.time_ms": 0.455}
github.com/grpc-ecosystem/go-grpc-middleware/logging/zap.DefaultMessageProducer
	/home/ali/go/pkg/mod/github.com/grpc-ecosystem/go-grpc-middleware@v1.4.0/logging/zap/options.go:212
github.com/grpc-ecosystem/go-grpc-middleware/logging/zap.UnaryServerInterceptor.func1
	/home/ali/go/pkg/mod/github.com/grpc-ecosystem/go-grpc-middleware@v1.4.0/logging/zap/server_interceptors.go:39
booking_service/internal/app.NewApp.ChainUnaryServer.func5.1
	/home/ali/go/pkg/mod/github.com/grpc-ecosystem/go-grpc-middleware@v1.4.0/chain.go:48
github.com/grpc-ecosystem/go-grpc-middleware/tags.UnaryServerInterceptor.func1
	/home/ali/go/pkg/mod/github.com/grpc-ecosystem/go-grpc-middleware@v1.4.0/tags/interceptors.go:23
booking_service/internal/app.NewApp.ChainUnaryServer.func5
	/home/ali/go/pkg/mod/github.com/grpc-ecosystem/go-grpc-middleware@v1.4.0/chain.go:53
booking_service/internal/app.NewApp.UnaryInterceptor.func7.1.1
	/home/ali/Goland/Dennic/dennic_booking_service/internal/delivery/grpc/server/middleware.go:16
booking_service/internal/app.NewApp.UnaryInterceptor.func7
	/home/ali/Goland/Dennic/dennic_booking_service/internal/delivery/grpc/server/middleware.go:23
booking_service/genproto/booking_service._BookedAppointmentsService_GetFilteredAppointments_Handler
	/home/ali/Goland/Dennic/dennic_booking_service/genproto/booking_service/booked_appointments.pb.go:1148
google.golang.org/grpc.(*Server).processUnaryRPC
	/home/ali/go/pkg/mod/google.golang.org/grpc@v1.63.2/server.go:1369
google.golang.org/grpc.(*Server).handleStream
	/home/ali/go/pkg/mod/google.golang.org/grpc@v1.63.2/server.go:1780
google.golang.org/grpc.(*Server).serveStreams.func2.1
	/home/ali/go/pkg/mod/google.golang.org/grpc@v1.63.2/server.go:1019
2024-05-20T15:53:40.660+0500	ERROR	zap/options.go:212	finished unary call with code Unknown	{"grpc.start_time": "2024-05-20T15:53:40+05:00", "grpc.request.deadline": "2024-05-20T15:53:42+05:00", "system": "grpc", "span.kind": "server", "grpc.service": "booking_service.BookedAppointmentsService", "grpc.method": "GetFilteredAppointments", "peer.address": "[::1]:52182", "error": "ERROR: operator does not exist: uuid ~~* unknown (SQLSTATE 42883)", "grpc.code": "Unknown", "grpc.time_ms": 0.421}
github.com/grpc-ecosystem/go-grpc-middleware/logging/zap.DefaultMessageProducer
	/home/ali/go/pkg/mod/github.com/grpc-ecosystem/go-grpc-middleware@v1.4.0/logging/zap/options.go:212
github.com/grpc-ecosystem/go-grpc-middleware/logging/zap.UnaryServerInterceptor.func1
	/home/ali/go/pkg/mod/github.com/grpc-ecosystem/go-grpc-middleware@v1.4.0/logging/zap/server_interceptors.go:39
booking_service/internal/app.NewApp.ChainUnaryServer.func5.1
	/home/ali/go/pkg/mod/github.com/grpc-ecosystem/go-grpc-middleware@v1.4.0/chain.go:48
github.com/grpc-ecosystem/go-grpc-middleware/tags.UnaryServerInterceptor.func1
	/home/ali/go/pkg/mod/github.com/grpc-ecosystem/go-grpc-middleware@v1.4.0/tags/interceptors.go:23
booking_service/internal/app.NewApp.ChainUnaryServer.func5
	/home/ali/go/pkg/mod/github.com/grpc-ecosystem/go-grpc-middleware@v1.4.0/chain.go:53
booking_service/internal/app.NewApp.UnaryInterceptor.func7.1.1
	/home/ali/Goland/Dennic/dennic_booking_service/internal/delivery/grpc/server/middleware.go:16
booking_service/internal/app.NewApp.UnaryInterceptor.func7
	/home/ali/Goland/Dennic/dennic_booking_service/internal/delivery/grpc/server/middleware.go:23
booking_service/genproto/booking_service._BookedAppointmentsService_GetFilteredAppointments_Handler
	/home/ali/Goland/Dennic/dennic_booking_service/genproto/booking_service/booked_appointments.pb.go:1148
google.golang.org/grpc.(*Server).processUnaryRPC
	/home/ali/go/pkg/mod/google.golang.org/grpc@v1.63.2/server.go:1369
google.golang.org/grpc.(*Server).handleStream
	/home/ali/go/pkg/mod/google.golang.org/grpc@v1.63.2/server.go:1780
google.golang.org/grpc.(*Server).serveStreams.func2.1
	/home/ali/go/pkg/mod/google.golang.org/grpc@v1.63.2/server.go:1019
2024-05-20T15:53:40.831+0500	ERROR	zap/options.go:212	finished unary call with code Unknown	{"grpc.start_time": "2024-05-20T15:53:40+05:00", "grpc.request.deadline": "2024-05-20T15:53:42+05:00", "system": "grpc", "span.kind": "server", "grpc.service": "booking_service.BookedAppointmentsService", "grpc.method": "GetFilteredAppointments", "peer.address": "[::1]:52182", "error": "ERROR: operator does not exist: uuid ~~* unknown (SQLSTATE 42883)", "grpc.code": "Unknown", "grpc.time_ms": 0.594}
github.com/grpc-ecosystem/go-grpc-middleware/logging/zap.DefaultMessageProducer
	/home/ali/go/pkg/mod/github.com/grpc-ecosystem/go-grpc-middleware@v1.4.0/logging/zap/options.go:212
github.com/grpc-ecosystem/go-grpc-middleware/logging/zap.UnaryServerInterceptor.func1
	/home/ali/go/pkg/mod/github.com/grpc-ecosystem/go-grpc-middleware@v1.4.0/logging/zap/server_interceptors.go:39
booking_service/internal/app.NewApp.ChainUnaryServer.func5.1
	/home/ali/go/pkg/mod/github.com/grpc-ecosystem/go-grpc-middleware@v1.4.0/chain.go:48
github.com/grpc-ecosystem/go-grpc-middleware/tags.UnaryServerInterceptor.func1
	/home/ali/go/pkg/mod/github.com/grpc-ecosystem/go-grpc-middleware@v1.4.0/tags/interceptors.go:23
booking_service/internal/app.NewApp.ChainUnaryServer.func5
	/home/ali/go/pkg/mod/github.com/grpc-ecosystem/go-grpc-middleware@v1.4.0/chain.go:53
booking_service/internal/app.NewApp.UnaryInterceptor.func7.1.1
	/home/ali/Goland/Dennic/dennic_booking_service/internal/delivery/grpc/server/middleware.go:16
booking_service/internal/app.NewApp.UnaryInterceptor.func7
	/home/ali/Goland/Dennic/dennic_booking_service/internal/delivery/grpc/server/middleware.go:23
booking_service/genproto/booking_service._BookedAppointmentsService_GetFilteredAppointments_Handler
	/home/ali/Goland/Dennic/dennic_booking_service/genproto/booking_service/booked_appointments.pb.go:1148
google.golang.org/grpc.(*Server).processUnaryRPC
	/home/ali/go/pkg/mod/google.golang.org/grpc@v1.63.2/server.go:1369
google.golang.org/grpc.(*Server).handleStream
	/home/ali/go/pkg/mod/google.golang.org/grpc@v1.63.2/server.go:1780
google.golang.org/grpc.(*Server).serveStreams.func2.1
	/home/ali/go/pkg/mod/google.golang.org/grpc@v1.63.2/server.go:1019
2024-05-20T15:53:40.990+0500	ERROR	zap/options.go:212	finished unary call with code Unknown	{"grpc.start_time": "2024-05-20T15:53:40+05:00", "grpc.request.deadline": "2024-05-20T15:53:42+05:00", "system": "grpc", "span.kind": "server", "grpc.service": "booking_service.BookedAppointmentsService", "grpc.method": "GetFilteredAppointments", "peer.address": "[::1]:52182", "error": "ERROR: operator does not exist: uuid ~~* unknown (SQLSTATE 42883)", "grpc.code": "Unknown", "grpc.time_ms": 0.518}
github.com/grpc-ecosystem/go-grpc-middleware/logging/zap.DefaultMessageProducer
	/home/ali/go/pkg/mod/github.com/grpc-ecosystem/go-grpc-middleware@v1.4.0/logging/zap/options.go:212
github.com/grpc-ecosystem/go-grpc-middleware/logging/zap.UnaryServerInterceptor.func1
	/home/ali/go/pkg/mod/github.com/grpc-ecosystem/go-grpc-middleware@v1.4.0/logging/zap/server_interceptors.go:39
booking_service/internal/app.NewApp.ChainUnaryServer.func5.1
	/home/ali/go/pkg/mod/github.com/grpc-ecosystem/go-grpc-middleware@v1.4.0/chain.go:48
github.com/grpc-ecosystem/go-grpc-middleware/tags.UnaryServerInterceptor.func1
	/home/ali/go/pkg/mod/github.com/grpc-ecosystem/go-grpc-middleware@v1.4.0/tags/interceptors.go:23
booking_service/internal/app.NewApp.ChainUnaryServer.func5
	/home/ali/go/pkg/mod/github.com/grpc-ecosystem/go-grpc-middleware@v1.4.0/chain.go:53
booking_service/internal/app.NewApp.UnaryInterceptor.func7.1.1
	/home/ali/Goland/Dennic/dennic_booking_service/internal/delivery/grpc/server/middleware.go:16
booking_service/internal/app.NewApp.UnaryInterceptor.func7
	/home/ali/Goland/Dennic/dennic_booking_service/internal/delivery/grpc/server/middleware.go:23
booking_service/genproto/booking_service._BookedAppointmentsService_GetFilteredAppointments_Handler
	/home/ali/Goland/Dennic/dennic_booking_service/genproto/booking_service/booked_appointments.pb.go:1148
google.golang.org/grpc.(*Server).processUnaryRPC
	/home/ali/go/pkg/mod/google.golang.org/grpc@v1.63.2/server.go:1369
google.golang.org/grpc.(*Server).handleStream
	/home/ali/go/pkg/mod/google.golang.org/grpc@v1.63.2/server.go:1780
google.golang.org/grpc.(*Server).serveStreams.func2.1
	/home/ali/go/pkg/mod/google.golang.org/grpc@v1.63.2/server.go:1019
2024-05-20T15:53:41.127+0500	ERROR	zap/options.go:212	finished unary call with code Unknown	{"grpc.start_time": "2024-05-20T15:53:41+05:00", "grpc.request.deadline": "2024-05-20T15:53:43+05:00", "system": "grpc", "span.kind": "server", "grpc.service": "booking_service.BookedAppointmentsService", "grpc.method": "GetFilteredAppointments", "peer.address": "[::1]:52182", "error": "ERROR: operator does not exist: uuid ~~* unknown (SQLSTATE 42883)", "grpc.code": "Unknown", "grpc.time_ms": 0.37}
github.com/grpc-ecosystem/go-grpc-middleware/logging/zap.DefaultMessageProducer
	/home/ali/go/pkg/mod/github.com/grpc-ecosystem/go-grpc-middleware@v1.4.0/logging/zap/options.go:212
github.com/grpc-ecosystem/go-grpc-middleware/logging/zap.UnaryServerInterceptor.func1
	/home/ali/go/pkg/mod/github.com/grpc-ecosystem/go-grpc-middleware@v1.4.0/logging/zap/server_interceptors.go:39
booking_service/internal/app.NewApp.ChainUnaryServer.func5.1
	/home/ali/go/pkg/mod/github.com/grpc-ecosystem/go-grpc-middleware@v1.4.0/chain.go:48
github.com/grpc-ecosystem/go-grpc-middleware/tags.UnaryServerInterceptor.func1
	/home/ali/go/pkg/mod/github.com/grpc-ecosystem/go-grpc-middleware@v1.4.0/tags/interceptors.go:23
booking_service/internal/app.NewApp.ChainUnaryServer.func5
	/home/ali/go/pkg/mod/github.com/grpc-ecosystem/go-grpc-middleware@v1.4.0/chain.go:53
booking_service/internal/app.NewApp.UnaryInterceptor.func7.1.1
	/home/ali/Goland/Dennic/dennic_booking_service/internal/delivery/grpc/server/middleware.go:16
booking_service/internal/app.NewApp.UnaryInterceptor.func7
	/home/ali/Goland/Dennic/dennic_booking_service/internal/delivery/grpc/server/middleware.go:23
booking_service/genproto/booking_service._BookedAppointmentsService_GetFilteredAppointments_Handler
	/home/ali/Goland/Dennic/dennic_booking_service/genproto/booking_service/booked_appointments.pb.go:1148
google.golang.org/grpc.(*Server).processUnaryRPC
	/home/ali/go/pkg/mod/google.golang.org/grpc@v1.63.2/server.go:1369
google.golang.org/grpc.(*Server).handleStream
	/home/ali/go/pkg/mod/google.golang.org/grpc@v1.63.2/server.go:1780
google.golang.org/grpc.(*Server).serveStreams.func2.1
	/home/ali/go/pkg/mod/google.golang.org/grpc@v1.63.2/server.go:1019
2024-05-20T15:53:41.271+0500	ERROR	zap/options.go:212	finished unary call with code Unknown	{"grpc.start_time": "2024-05-20T15:53:41+05:00", "grpc.request.deadline": "2024-05-20T15:53:43+05:00", "system": "grpc", "span.kind": "server", "grpc.service": "booking_service.BookedAppointmentsService", "grpc.method": "GetFilteredAppointments", "peer.address": "[::1]:52182", "error": "ERROR: operator does not exist: uuid ~~* unknown (SQLSTATE 42883)", "grpc.code": "Unknown", "grpc.time_ms": 0.71}
github.com/grpc-ecosystem/go-grpc-middleware/logging/zap.DefaultMessageProducer
	/home/ali/go/pkg/mod/github.com/grpc-ecosystem/go-grpc-middleware@v1.4.0/logging/zap/options.go:212
github.com/grpc-ecosystem/go-grpc-middleware/logging/zap.UnaryServerInterceptor.func1
	/home/ali/go/pkg/mod/github.com/grpc-ecosystem/go-grpc-middleware@v1.4.0/logging/zap/server_interceptors.go:39
booking_service/internal/app.NewApp.ChainUnaryServer.func5.1
	/home/ali/go/pkg/mod/github.com/grpc-ecosystem/go-grpc-middleware@v1.4.0/chain.go:48
github.com/grpc-ecosystem/go-grpc-middleware/tags.UnaryServerInterceptor.func1
	/home/ali/go/pkg/mod/github.com/grpc-ecosystem/go-grpc-middleware@v1.4.0/tags/interceptors.go:23
booking_service/internal/app.NewApp.ChainUnaryServer.func5
	/home/ali/go/pkg/mod/github.com/grpc-ecosystem/go-grpc-middleware@v1.4.0/chain.go:53
booking_service/internal/app.NewApp.UnaryInterceptor.func7.1.1
	/home/ali/Goland/Dennic/dennic_booking_service/internal/delivery/grpc/server/middleware.go:16
booking_service/internal/app.NewApp.UnaryInterceptor.func7
	/home/ali/Goland/Dennic/dennic_booking_service/internal/delivery/grpc/server/middleware.go:23
booking_service/genproto/booking_service._BookedAppointmentsService_GetFilteredAppointments_Handler
	/home/ali/Goland/Dennic/dennic_booking_service/genproto/booking_service/booked_appointments.pb.go:1148
google.golang.org/grpc.(*Server).processUnaryRPC
	/home/ali/go/pkg/mod/google.golang.org/grpc@v1.63.2/server.go:1369
google.golang.org/grpc.(*Server).handleStream
	/home/ali/go/pkg/mod/google.golang.org/grpc@v1.63.2/server.go:1780
google.golang.org/grpc.(*Server).serveStreams.func2.1
	/home/ali/go/pkg/mod/google.golang.org/grpc@v1.63.2/server.go:1019
2024-05-20T15:53:41.409+0500	ERROR	zap/options.go:212	finished unary call with code Unknown	{"grpc.start_time": "2024-05-20T15:53:41+05:00", "grpc.request.deadline": "2024-05-20T15:53:43+05:00", "system": "grpc", "span.kind": "server", "grpc.service": "booking_service.BookedAppointmentsService", "grpc.method": "GetFilteredAppointments", "peer.address": "[::1]:52182", "error": "ERROR: operator does not exist: uuid ~~* unknown (SQLSTATE 42883)", "grpc.code": "Unknown", "grpc.time_ms": 0.715}
github.com/grpc-ecosystem/go-grpc-middleware/logging/zap.DefaultMessageProducer
	/home/ali/go/pkg/mod/github.com/grpc-ecosystem/go-grpc-middleware@v1.4.0/logging/zap/options.go:212
github.com/grpc-ecosystem/go-grpc-middleware/logging/zap.UnaryServerInterceptor.func1
	/home/ali/go/pkg/mod/github.com/grpc-ecosystem/go-grpc-middleware@v1.4.0/logging/zap/server_interceptors.go:39
booking_service/internal/app.NewApp.ChainUnaryServer.func5.1
	/home/ali/go/pkg/mod/github.com/grpc-ecosystem/go-grpc-middleware@v1.4.0/chain.go:48
github.com/grpc-ecosystem/go-grpc-middleware/tags.UnaryServerInterceptor.func1
	/home/ali/go/pkg/mod/github.com/grpc-ecosystem/go-grpc-middleware@v1.4.0/tags/interceptors.go:23
booking_service/internal/app.NewApp.ChainUnaryServer.func5
	/home/ali/go/pkg/mod/github.com/grpc-ecosystem/go-grpc-middleware@v1.4.0/chain.go:53
booking_service/internal/app.NewApp.UnaryInterceptor.func7.1.1
	/home/ali/Goland/Dennic/dennic_booking_service/internal/delivery/grpc/server/middleware.go:16
booking_service/internal/app.NewApp.UnaryInterceptor.func7
	/home/ali/Goland/Dennic/dennic_booking_service/internal/delivery/grpc/server/middleware.go:23
booking_service/genproto/booking_service._BookedAppointmentsService_GetFilteredAppointments_Handler
	/home/ali/Goland/Dennic/dennic_booking_service/genproto/booking_service/booked_appointments.pb.go:1148
google.golang.org/grpc.(*Server).processUnaryRPC
	/home/ali/go/pkg/mod/google.golang.org/grpc@v1.63.2/server.go:1369
google.golang.org/grpc.(*Server).handleStream
	/home/ali/go/pkg/mod/google.golang.org/grpc@v1.63.2/server.go:1780
google.golang.org/grpc.(*Server).serveStreams.func2.1
	/home/ali/go/pkg/mod/google.golang.org/grpc@v1.63.2/server.go:1019
2024-05-20T15:53:41.536+0500	ERROR	zap/options.go:212	finished unary call with code Unknown	{"grpc.start_time": "2024-05-20T15:53:41+05:00", "grpc.request.deadline": "2024-05-20T15:53:43+05:00", "system": "grpc", "span.kind": "server", "grpc.service": "booking_service.BookedAppointmentsService", "grpc.method": "GetFilteredAppointments", "peer.address": "[::1]:52182", "error": "ERROR: operator does not exist: uuid ~~* unknown (SQLSTATE 42883)", "grpc.code": "Unknown", "grpc.time_ms": 0.608}
github.com/grpc-ecosystem/go-grpc-middleware/logging/zap.DefaultMessageProducer
	/home/ali/go/pkg/mod/github.com/grpc-ecosystem/go-grpc-middleware@v1.4.0/logging/zap/options.go:212
github.com/grpc-ecosystem/go-grpc-middleware/logging/zap.UnaryServerInterceptor.func1
	/home/ali/go/pkg/mod/github.com/grpc-ecosystem/go-grpc-middleware@v1.4.0/logging/zap/server_interceptors.go:39
booking_service/internal/app.NewApp.ChainUnaryServer.func5.1
	/home/ali/go/pkg/mod/github.com/grpc-ecosystem/go-grpc-middleware@v1.4.0/chain.go:48
github.com/grpc-ecosystem/go-grpc-middleware/tags.UnaryServerInterceptor.func1
	/home/ali/go/pkg/mod/github.com/grpc-ecosystem/go-grpc-middleware@v1.4.0/tags/interceptors.go:23
booking_service/internal/app.NewApp.ChainUnaryServer.func5
	/home/ali/go/pkg/mod/github.com/grpc-ecosystem/go-grpc-middleware@v1.4.0/chain.go:53
booking_service/internal/app.NewApp.UnaryInterceptor.func7.1.1
	/home/ali/Goland/Dennic/dennic_booking_service/internal/delivery/grpc/server/middleware.go:16
booking_service/internal/app.NewApp.UnaryInterceptor.func7
	/home/ali/Goland/Dennic/dennic_booking_service/internal/delivery/grpc/server/middleware.go:23
booking_service/genproto/booking_service._BookedAppointmentsService_GetFilteredAppointments_Handler
	/home/ali/Goland/Dennic/dennic_booking_service/genproto/booking_service/booked_appointments.pb.go:1148
google.golang.org/grpc.(*Server).processUnaryRPC
	/home/ali/go/pkg/mod/google.golang.org/grpc@v1.63.2/server.go:1369
google.golang.org/grpc.(*Server).handleStream
	/home/ali/go/pkg/mod/google.golang.org/grpc@v1.63.2/server.go:1780
google.golang.org/grpc.(*Server).serveStreams.func2.1
	/home/ali/go/pkg/mod/google.golang.org/grpc@v1.63.2/server.go:1019
2024-05-20T15:54:19.335+0500	ERROR	zap/options.go:212	finished unary call with code Unknown	{"grpc.start_time": "2024-05-20T15:54:19+05:00", "grpc.request.deadline": "2024-05-20T15:54:21+05:00", "system": "grpc", "span.kind": "server", "grpc.service": "booking_service.BookedAppointmentsService", "grpc.method": "GetFilteredAppointments", "peer.address": "[::1]:52182", "error": "ERROR: operator does not exist: uuid ~~* unknown (SQLSTATE 42883)", "grpc.code": "Unknown", "grpc.time_ms": 0.5}
github.com/grpc-ecosystem/go-grpc-middleware/logging/zap.DefaultMessageProducer
	/home/ali/go/pkg/mod/github.com/grpc-ecosystem/go-grpc-middleware@v1.4.0/logging/zap/options.go:212
github.com/grpc-ecosystem/go-grpc-middleware/logging/zap.UnaryServerInterceptor.func1
	/home/ali/go/pkg/mod/github.com/grpc-ecosystem/go-grpc-middleware@v1.4.0/logging/zap/server_interceptors.go:39
booking_service/internal/app.NewApp.ChainUnaryServer.func5.1
	/home/ali/go/pkg/mod/github.com/grpc-ecosystem/go-grpc-middleware@v1.4.0/chain.go:48
github.com/grpc-ecosystem/go-grpc-middleware/tags.UnaryServerInterceptor.func1
	/home/ali/go/pkg/mod/github.com/grpc-ecosystem/go-grpc-middleware@v1.4.0/tags/interceptors.go:23
booking_service/internal/app.NewApp.ChainUnaryServer.func5
	/home/ali/go/pkg/mod/github.com/grpc-ecosystem/go-grpc-middleware@v1.4.0/chain.go:53
booking_service/internal/app.NewApp.UnaryInterceptor.func7.1.1
	/home/ali/Goland/Dennic/dennic_booking_service/internal/delivery/grpc/server/middleware.go:16
booking_service/internal/app.NewApp.UnaryInterceptor.func7
	/home/ali/Goland/Dennic/dennic_booking_service/internal/delivery/grpc/server/middleware.go:23
booking_service/genproto/booking_service._BookedAppointmentsService_GetFilteredAppointments_Handler
	/home/ali/Goland/Dennic/dennic_booking_service/genproto/booking_service/booked_appointments.pb.go:1148
google.golang.org/grpc.(*Server).processUnaryRPC
	/home/ali/go/pkg/mod/google.golang.org/grpc@v1.63.2/server.go:1369
google.golang.org/grpc.(*Server).handleStream
	/home/ali/go/pkg/mod/google.golang.org/grpc@v1.63.2/server.go:1780
google.golang.org/grpc.(*Server).serveStreams.func2.1
	/home/ali/go/pkg/mod/google.golang.org/grpc@v1.63.2/server.go:1019
2024-05-20T15:54:40.939+0500	INFO	app/main.go:36	Conten service stops !
2024-05-20T15:54:43.468+0500	INFO	app/app.go:127	gRPC Server Listening	{"url": ":9090"}
2024-05-20T15:59:15.036+0500	ERROR	zap/options.go:212	finished unary call with code Unknown	{"grpc.start_time": "2024-05-20T15:59:15+05:00", "grpc.request.deadline": "2024-05-20T15:59:17+05:00", "system": "grpc", "span.kind": "server", "grpc.service": "booking_service.BookedAppointmentsService", "grpc.method": "GetFilteredAppointments", "peer.address": "[::1]:49452", "error": "ERROR: operator does not exist: uuid ~~* unknown (SQLSTATE 42883)", "grpc.code": "Unknown", "grpc.time_ms": 1.215}
github.com/grpc-ecosystem/go-grpc-middleware/logging/zap.DefaultMessageProducer
	/home/ali/go/pkg/mod/github.com/grpc-ecosystem/go-grpc-middleware@v1.4.0/logging/zap/options.go:212
github.com/grpc-ecosystem/go-grpc-middleware/logging/zap.UnaryServerInterceptor.func1
	/home/ali/go/pkg/mod/github.com/grpc-ecosystem/go-grpc-middleware@v1.4.0/logging/zap/server_interceptors.go:39
booking_service/internal/app.NewApp.ChainUnaryServer.func5.1
	/home/ali/go/pkg/mod/github.com/grpc-ecosystem/go-grpc-middleware@v1.4.0/chain.go:48
github.com/grpc-ecosystem/go-grpc-middleware/tags.UnaryServerInterceptor.func1
	/home/ali/go/pkg/mod/github.com/grpc-ecosystem/go-grpc-middleware@v1.4.0/tags/interceptors.go:23
booking_service/internal/app.NewApp.ChainUnaryServer.func5
	/home/ali/go/pkg/mod/github.com/grpc-ecosystem/go-grpc-middleware@v1.4.0/chain.go:53
booking_service/internal/app.NewApp.UnaryInterceptor.func7.1.1
	/home/ali/Goland/Dennic/dennic_booking_service/internal/delivery/grpc/server/middleware.go:16
booking_service/internal/app.NewApp.UnaryInterceptor.func7
	/home/ali/Goland/Dennic/dennic_booking_service/internal/delivery/grpc/server/middleware.go:23
booking_service/genproto/booking_service._BookedAppointmentsService_GetFilteredAppointments_Handler
	/home/ali/Goland/Dennic/dennic_booking_service/genproto/booking_service/booked_appointments.pb.go:1148
google.golang.org/grpc.(*Server).processUnaryRPC
	/home/ali/go/pkg/mod/google.golang.org/grpc@v1.63.2/server.go:1369
google.golang.org/grpc.(*Server).handleStream
	/home/ali/go/pkg/mod/google.golang.org/grpc@v1.63.2/server.go:1780
google.golang.org/grpc.(*Server).serveStreams.func2.1
	/home/ali/go/pkg/mod/google.golang.org/grpc@v1.63.2/server.go:1019
2024-05-20T16:00:08.731+0500	ERROR	zap/options.go:212	finished unary call with code Unknown	{"grpc.start_time": "2024-05-20T16:00:08+05:00", "grpc.request.deadline": "2024-05-20T16:00:10+05:00", "system": "grpc", "span.kind": "server", "grpc.service": "booking_service.BookedAppointmentsService", "grpc.method": "GetFilteredAppointments", "peer.address": "[::1]:52764", "error": "ERROR: operator does not exist: uuid ~~* unknown (SQLSTATE 42883)", "grpc.code": "Unknown", "grpc.time_ms": 0.382}
github.com/grpc-ecosystem/go-grpc-middleware/logging/zap.DefaultMessageProducer
	/home/ali/go/pkg/mod/github.com/grpc-ecosystem/go-grpc-middleware@v1.4.0/logging/zap/options.go:212
github.com/grpc-ecosystem/go-grpc-middleware/logging/zap.UnaryServerInterceptor.func1
	/home/ali/go/pkg/mod/github.com/grpc-ecosystem/go-grpc-middleware@v1.4.0/logging/zap/server_interceptors.go:39
booking_service/internal/app.NewApp.ChainUnaryServer.func5.1
	/home/ali/go/pkg/mod/github.com/grpc-ecosystem/go-grpc-middleware@v1.4.0/chain.go:48
github.com/grpc-ecosystem/go-grpc-middleware/tags.UnaryServerInterceptor.func1
	/home/ali/go/pkg/mod/github.com/grpc-ecosystem/go-grpc-middleware@v1.4.0/tags/interceptors.go:23
booking_service/internal/app.NewApp.ChainUnaryServer.func5
	/home/ali/go/pkg/mod/github.com/grpc-ecosystem/go-grpc-middleware@v1.4.0/chain.go:53
booking_service/internal/app.NewApp.UnaryInterceptor.func7.1.1
	/home/ali/Goland/Dennic/dennic_booking_service/internal/delivery/grpc/server/middleware.go:16
booking_service/internal/app.NewApp.UnaryInterceptor.func7
	/home/ali/Goland/Dennic/dennic_booking_service/internal/delivery/grpc/server/middleware.go:23
booking_service/genproto/booking_service._BookedAppointmentsService_GetFilteredAppointments_Handler
	/home/ali/Goland/Dennic/dennic_booking_service/genproto/booking_service/booked_appointments.pb.go:1148
google.golang.org/grpc.(*Server).processUnaryRPC
	/home/ali/go/pkg/mod/google.golang.org/grpc@v1.63.2/server.go:1369
google.golang.org/grpc.(*Server).handleStream
	/home/ali/go/pkg/mod/google.golang.org/grpc@v1.63.2/server.go:1780
google.golang.org/grpc.(*Server).serveStreams.func2.1
	/home/ali/go/pkg/mod/google.golang.org/grpc@v1.63.2/server.go:1019
2024-05-20T16:02:51.351+0500	INFO	app/main.go:36	Conten service stops !
2024-05-20T16:02:52.545+0500	INFO	app/app.go:127	gRPC Server Listening	{"url": ":9090"}
2024-05-20T16:02:54.279+0500	ERROR	zap/options.go:212	finished unary call with code Unknown	{"grpc.start_time": "2024-05-20T16:02:54+05:00", "grpc.request.deadline": "2024-05-20T16:02:56+05:00", "system": "grpc", "span.kind": "server", "grpc.service": "booking_service.BookedAppointmentsService", "grpc.method": "GetFilteredAppointments", "peer.address": "[::1]:48718", "error": "ERROR: operator does not exist: uuid ~~* unknown (SQLSTATE 42883)", "grpc.code": "Unknown", "grpc.time_ms": 2.057}
github.com/grpc-ecosystem/go-grpc-middleware/logging/zap.DefaultMessageProducer
	/home/ali/go/pkg/mod/github.com/grpc-ecosystem/go-grpc-middleware@v1.4.0/logging/zap/options.go:212
github.com/grpc-ecosystem/go-grpc-middleware/logging/zap.UnaryServerInterceptor.func1
	/home/ali/go/pkg/mod/github.com/grpc-ecosystem/go-grpc-middleware@v1.4.0/logging/zap/server_interceptors.go:39
booking_service/internal/app.NewApp.ChainUnaryServer.func5.1
	/home/ali/go/pkg/mod/github.com/grpc-ecosystem/go-grpc-middleware@v1.4.0/chain.go:48
github.com/grpc-ecosystem/go-grpc-middleware/tags.UnaryServerInterceptor.func1
	/home/ali/go/pkg/mod/github.com/grpc-ecosystem/go-grpc-middleware@v1.4.0/tags/interceptors.go:23
booking_service/internal/app.NewApp.ChainUnaryServer.func5
	/home/ali/go/pkg/mod/github.com/grpc-ecosystem/go-grpc-middleware@v1.4.0/chain.go:53
booking_service/internal/app.NewApp.UnaryInterceptor.func7.1.1
	/home/ali/Goland/Dennic/dennic_booking_service/internal/delivery/grpc/server/middleware.go:16
booking_service/internal/app.NewApp.UnaryInterceptor.func7
	/home/ali/Goland/Dennic/dennic_booking_service/internal/delivery/grpc/server/middleware.go:23
booking_service/genproto/booking_service._BookedAppointmentsService_GetFilteredAppointments_Handler
	/home/ali/Goland/Dennic/dennic_booking_service/genproto/booking_service/booked_appointments.pb.go:1148
google.golang.org/grpc.(*Server).processUnaryRPC
	/home/ali/go/pkg/mod/google.golang.org/grpc@v1.63.2/server.go:1369
google.golang.org/grpc.(*Server).handleStream
	/home/ali/go/pkg/mod/google.golang.org/grpc@v1.63.2/server.go:1780
google.golang.org/grpc.(*Server).serveStreams.func2.1
	/home/ali/go/pkg/mod/google.golang.org/grpc@v1.63.2/server.go:1019
2024-05-20T16:03:29.942+0500	INFO	app/main.go:36	Conten service stops !
2024-05-20T16:03:31.058+0500	INFO	app/app.go:127	gRPC Server Listening	{"url": ":9090"}
2024-05-20T16:03:34.803+0500	ERROR	zap/options.go:212	finished unary call with code Unknown	{"grpc.start_time": "2024-05-20T16:03:34+05:00", "grpc.request.deadline": "2024-05-20T16:03:36+05:00", "system": "grpc", "span.kind": "server", "grpc.service": "booking_service.BookedAppointmentsService", "grpc.method": "GetFilteredAppointments", "peer.address": "[::1]:37226", "error": "ERROR: operator does not exist: uuid ~~* unknown (SQLSTATE 42883)", "grpc.code": "Unknown", "grpc.time_ms": 0.995}
github.com/grpc-ecosystem/go-grpc-middleware/logging/zap.DefaultMessageProducer
	/home/ali/go/pkg/mod/github.com/grpc-ecosystem/go-grpc-middleware@v1.4.0/logging/zap/options.go:212
github.com/grpc-ecosystem/go-grpc-middleware/logging/zap.UnaryServerInterceptor.func1
	/home/ali/go/pkg/mod/github.com/grpc-ecosystem/go-grpc-middleware@v1.4.0/logging/zap/server_interceptors.go:39
booking_service/internal/app.NewApp.ChainUnaryServer.func5.1
	/home/ali/go/pkg/mod/github.com/grpc-ecosystem/go-grpc-middleware@v1.4.0/chain.go:48
github.com/grpc-ecosystem/go-grpc-middleware/tags.UnaryServerInterceptor.func1
	/home/ali/go/pkg/mod/github.com/grpc-ecosystem/go-grpc-middleware@v1.4.0/tags/interceptors.go:23
booking_service/internal/app.NewApp.ChainUnaryServer.func5
	/home/ali/go/pkg/mod/github.com/grpc-ecosystem/go-grpc-middleware@v1.4.0/chain.go:53
booking_service/internal/app.NewApp.UnaryInterceptor.func7.1.1
	/home/ali/Goland/Dennic/dennic_booking_service/internal/delivery/grpc/server/middleware.go:16
booking_service/internal/app.NewApp.UnaryInterceptor.func7
	/home/ali/Goland/Dennic/dennic_booking_service/internal/delivery/grpc/server/middleware.go:23
booking_service/genproto/booking_service._BookedAppointmentsService_GetFilteredAppointments_Handler
	/home/ali/Goland/Dennic/dennic_booking_service/genproto/booking_service/booked_appointments.pb.go:1148
google.golang.org/grpc.(*Server).processUnaryRPC
	/home/ali/go/pkg/mod/google.golang.org/grpc@v1.63.2/server.go:1369
google.golang.org/grpc.(*Server).handleStream
	/home/ali/go/pkg/mod/google.golang.org/grpc@v1.63.2/server.go:1780
google.golang.org/grpc.(*Server).serveStreams.func2.1
	/home/ali/go/pkg/mod/google.golang.org/grpc@v1.63.2/server.go:1019
2024-05-20T16:04:14.674+0500	INFO	app/main.go:36	Conten service stops !
2024-05-20T16:04:15.781+0500	INFO	app/app.go:127	gRPC Server Listening	{"url": ":9090"}
2024-05-20T16:04:17.625+0500	ERROR	zap/options.go:212	finished unary call with code Unknown	{"grpc.start_time": "2024-05-20T16:04:17+05:00", "grpc.request.deadline": "2024-05-20T16:04:19+05:00", "system": "grpc", "span.kind": "server", "grpc.service": "booking_service.BookedAppointmentsService", "grpc.method": "GetFilteredAppointments", "peer.address": "[::1]:51130", "error": "ERROR: operator does not exist: uuid ~~* unknown (SQLSTATE 42883)", "grpc.code": "Unknown", "grpc.time_ms": 1.027}
github.com/grpc-ecosystem/go-grpc-middleware/logging/zap.DefaultMessageProducer
	/home/ali/go/pkg/mod/github.com/grpc-ecosystem/go-grpc-middleware@v1.4.0/logging/zap/options.go:212
github.com/grpc-ecosystem/go-grpc-middleware/logging/zap.UnaryServerInterceptor.func1
	/home/ali/go/pkg/mod/github.com/grpc-ecosystem/go-grpc-middleware@v1.4.0/logging/zap/server_interceptors.go:39
booking_service/internal/app.NewApp.ChainUnaryServer.func5.1
	/home/ali/go/pkg/mod/github.com/grpc-ecosystem/go-grpc-middleware@v1.4.0/chain.go:48
github.com/grpc-ecosystem/go-grpc-middleware/tags.UnaryServerInterceptor.func1
	/home/ali/go/pkg/mod/github.com/grpc-ecosystem/go-grpc-middleware@v1.4.0/tags/interceptors.go:23
booking_service/internal/app.NewApp.ChainUnaryServer.func5
	/home/ali/go/pkg/mod/github.com/grpc-ecosystem/go-grpc-middleware@v1.4.0/chain.go:53
booking_service/internal/app.NewApp.UnaryInterceptor.func7.1.1
	/home/ali/Goland/Dennic/dennic_booking_service/internal/delivery/grpc/server/middleware.go:16
booking_service/internal/app.NewApp.UnaryInterceptor.func7
	/home/ali/Goland/Dennic/dennic_booking_service/internal/delivery/grpc/server/middleware.go:23
booking_service/genproto/booking_service._BookedAppointmentsService_GetFilteredAppointments_Handler
	/home/ali/Goland/Dennic/dennic_booking_service/genproto/booking_service/booked_appointments.pb.go:1148
google.golang.org/grpc.(*Server).processUnaryRPC
	/home/ali/go/pkg/mod/google.golang.org/grpc@v1.63.2/server.go:1369
google.golang.org/grpc.(*Server).handleStream
	/home/ali/go/pkg/mod/google.golang.org/grpc@v1.63.2/server.go:1780
google.golang.org/grpc.(*Server).serveStreams.func2.1
	/home/ali/go/pkg/mod/google.golang.org/grpc@v1.63.2/server.go:1019
2024-05-20T16:04:30.746+0500	INFO	app/main.go:36	Conten service stops !
2024-05-20T16:04:31.816+0500	INFO	app/app.go:127	gRPC Server Listening	{"url": ":9090"}
2024-05-20T16:04:33.211+0500	ERROR	zap/options.go:212	finished unary call with code Unknown	{"grpc.start_time": "2024-05-20T16:04:33+05:00", "grpc.request.deadline": "2024-05-20T16:04:35+05:00", "system": "grpc", "span.kind": "server", "grpc.service": "booking_service.BookedAppointmentsService", "grpc.method": "GetFilteredAppointments", "peer.address": "[::1]:39696", "error": "ERROR: operator does not exist: uuid ~~* unknown (SQLSTATE 42883)", "grpc.code": "Unknown", "grpc.time_ms": 1.785}
github.com/grpc-ecosystem/go-grpc-middleware/logging/zap.DefaultMessageProducer
	/home/ali/go/pkg/mod/github.com/grpc-ecosystem/go-grpc-middleware@v1.4.0/logging/zap/options.go:212
github.com/grpc-ecosystem/go-grpc-middleware/logging/zap.UnaryServerInterceptor.func1
	/home/ali/go/pkg/mod/github.com/grpc-ecosystem/go-grpc-middleware@v1.4.0/logging/zap/server_interceptors.go:39
booking_service/internal/app.NewApp.ChainUnaryServer.func5.1
	/home/ali/go/pkg/mod/github.com/grpc-ecosystem/go-grpc-middleware@v1.4.0/chain.go:48
github.com/grpc-ecosystem/go-grpc-middleware/tags.UnaryServerInterceptor.func1
	/home/ali/go/pkg/mod/github.com/grpc-ecosystem/go-grpc-middleware@v1.4.0/tags/interceptors.go:23
booking_service/internal/app.NewApp.ChainUnaryServer.func5
	/home/ali/go/pkg/mod/github.com/grpc-ecosystem/go-grpc-middleware@v1.4.0/chain.go:53
booking_service/internal/app.NewApp.UnaryInterceptor.func7.1.1
	/home/ali/Goland/Dennic/dennic_booking_service/internal/delivery/grpc/server/middleware.go:16
booking_service/internal/app.NewApp.UnaryInterceptor.func7
	/home/ali/Goland/Dennic/dennic_booking_service/internal/delivery/grpc/server/middleware.go:23
booking_service/genproto/booking_service._BookedAppointmentsService_GetFilteredAppointments_Handler
	/home/ali/Goland/Dennic/dennic_booking_service/genproto/booking_service/booked_appointments.pb.go:1148
google.golang.org/grpc.(*Server).processUnaryRPC
	/home/ali/go/pkg/mod/google.golang.org/grpc@v1.63.2/server.go:1369
google.golang.org/grpc.(*Server).handleStream
	/home/ali/go/pkg/mod/google.golang.org/grpc@v1.63.2/server.go:1780
google.golang.org/grpc.(*Server).serveStreams.func2.1
	/home/ali/go/pkg/mod/google.golang.org/grpc@v1.63.2/server.go:1019
2024-05-20T16:04:33.530+0500	ERROR	zap/options.go:212	finished unary call with code Unknown	{"grpc.start_time": "2024-05-20T16:04:33+05:00", "grpc.request.deadline": "2024-05-20T16:04:35+05:00", "system": "grpc", "span.kind": "server", "grpc.service": "booking_service.BookedAppointmentsService", "grpc.method": "GetFilteredAppointments", "peer.address": "[::1]:39696", "error": "ERROR: operator does not exist: uuid ~~* unknown (SQLSTATE 42883)", "grpc.code": "Unknown", "grpc.time_ms": 0.638}
github.com/grpc-ecosystem/go-grpc-middleware/logging/zap.DefaultMessageProducer
	/home/ali/go/pkg/mod/github.com/grpc-ecosystem/go-grpc-middleware@v1.4.0/logging/zap/options.go:212
github.com/grpc-ecosystem/go-grpc-middleware/logging/zap.UnaryServerInterceptor.func1
	/home/ali/go/pkg/mod/github.com/grpc-ecosystem/go-grpc-middleware@v1.4.0/logging/zap/server_interceptors.go:39
booking_service/internal/app.NewApp.ChainUnaryServer.func5.1
	/home/ali/go/pkg/mod/github.com/grpc-ecosystem/go-grpc-middleware@v1.4.0/chain.go:48
github.com/grpc-ecosystem/go-grpc-middleware/tags.UnaryServerInterceptor.func1
	/home/ali/go/pkg/mod/github.com/grpc-ecosystem/go-grpc-middleware@v1.4.0/tags/interceptors.go:23
booking_service/internal/app.NewApp.ChainUnaryServer.func5
	/home/ali/go/pkg/mod/github.com/grpc-ecosystem/go-grpc-middleware@v1.4.0/chain.go:53
booking_service/internal/app.NewApp.UnaryInterceptor.func7.1.1
	/home/ali/Goland/Dennic/dennic_booking_service/internal/delivery/grpc/server/middleware.go:16
booking_service/internal/app.NewApp.UnaryInterceptor.func7
	/home/ali/Goland/Dennic/dennic_booking_service/internal/delivery/grpc/server/middleware.go:23
booking_service/genproto/booking_service._BookedAppointmentsService_GetFilteredAppointments_Handler
	/home/ali/Goland/Dennic/dennic_booking_service/genproto/booking_service/booked_appointments.pb.go:1148
google.golang.org/grpc.(*Server).processUnaryRPC
	/home/ali/go/pkg/mod/google.golang.org/grpc@v1.63.2/server.go:1369
google.golang.org/grpc.(*Server).handleStream
	/home/ali/go/pkg/mod/google.golang.org/grpc@v1.63.2/server.go:1780
google.golang.org/grpc.(*Server).serveStreams.func2.1
	/home/ali/go/pkg/mod/google.golang.org/grpc@v1.63.2/server.go:1019
2024-05-20T16:04:34.619+0500	ERROR	zap/options.go:212	finished unary call with code Unknown	{"grpc.start_time": "2024-05-20T16:04:34+05:00", "grpc.request.deadline": "2024-05-20T16:04:36+05:00", "system": "grpc", "span.kind": "server", "grpc.service": "booking_service.BookedAppointmentsService", "grpc.method": "GetFilteredAppointments", "peer.address": "[::1]:39696", "error": "ERROR: operator does not exist: uuid ~~* unknown (SQLSTATE 42883)", "grpc.code": "Unknown", "grpc.time_ms": 0.378}
github.com/grpc-ecosystem/go-grpc-middleware/logging/zap.DefaultMessageProducer
	/home/ali/go/pkg/mod/github.com/grpc-ecosystem/go-grpc-middleware@v1.4.0/logging/zap/options.go:212
github.com/grpc-ecosystem/go-grpc-middleware/logging/zap.UnaryServerInterceptor.func1
	/home/ali/go/pkg/mod/github.com/grpc-ecosystem/go-grpc-middleware@v1.4.0/logging/zap/server_interceptors.go:39
booking_service/internal/app.NewApp.ChainUnaryServer.func5.1
	/home/ali/go/pkg/mod/github.com/grpc-ecosystem/go-grpc-middleware@v1.4.0/chain.go:48
github.com/grpc-ecosystem/go-grpc-middleware/tags.UnaryServerInterceptor.func1
	/home/ali/go/pkg/mod/github.com/grpc-ecosystem/go-grpc-middleware@v1.4.0/tags/interceptors.go:23
booking_service/internal/app.NewApp.ChainUnaryServer.func5
	/home/ali/go/pkg/mod/github.com/grpc-ecosystem/go-grpc-middleware@v1.4.0/chain.go:53
booking_service/internal/app.NewApp.UnaryInterceptor.func7.1.1
	/home/ali/Goland/Dennic/dennic_booking_service/internal/delivery/grpc/server/middleware.go:16
booking_service/internal/app.NewApp.UnaryInterceptor.func7
	/home/ali/Goland/Dennic/dennic_booking_service/internal/delivery/grpc/server/middleware.go:23
booking_service/genproto/booking_service._BookedAppointmentsService_GetFilteredAppointments_Handler
	/home/ali/Goland/Dennic/dennic_booking_service/genproto/booking_service/booked_appointments.pb.go:1148
google.golang.org/grpc.(*Server).processUnaryRPC
	/home/ali/go/pkg/mod/google.golang.org/grpc@v1.63.2/server.go:1369
google.golang.org/grpc.(*Server).handleStream
	/home/ali/go/pkg/mod/google.golang.org/grpc@v1.63.2/server.go:1780
google.golang.org/grpc.(*Server).serveStreams.func2.1
	/home/ali/go/pkg/mod/google.golang.org/grpc@v1.63.2/server.go:1019
2024-05-20T16:04:47.627+0500	INFO	app/main.go:36	Conten service stops !
2024-05-20T16:04:50.310+0500	INFO	app/app.go:127	gRPC Server Listening	{"url": ":9090"}
2024-05-20T16:04:51.727+0500	ERROR	zap/options.go:212	finished unary call with code Unknown	{"grpc.start_time": "2024-05-20T16:04:51+05:00", "grpc.request.deadline": "2024-05-20T16:04:53+05:00", "system": "grpc", "span.kind": "server", "grpc.service": "booking_service.BookedAppointmentsService", "grpc.method": "GetFilteredAppointments", "peer.address": "[::1]:51200", "error": "ERROR: operator does not exist: uuid ~~* unknown (SQLSTATE 42883)", "grpc.code": "Unknown", "grpc.time_ms": 0.81}
github.com/grpc-ecosystem/go-grpc-middleware/logging/zap.DefaultMessageProducer
	/home/ali/go/pkg/mod/github.com/grpc-ecosystem/go-grpc-middleware@v1.4.0/logging/zap/options.go:212
github.com/grpc-ecosystem/go-grpc-middleware/logging/zap.UnaryServerInterceptor.func1
	/home/ali/go/pkg/mod/github.com/grpc-ecosystem/go-grpc-middleware@v1.4.0/logging/zap/server_interceptors.go:39
booking_service/internal/app.NewApp.ChainUnaryServer.func5.1
	/home/ali/go/pkg/mod/github.com/grpc-ecosystem/go-grpc-middleware@v1.4.0/chain.go:48
github.com/grpc-ecosystem/go-grpc-middleware/tags.UnaryServerInterceptor.func1
	/home/ali/go/pkg/mod/github.com/grpc-ecosystem/go-grpc-middleware@v1.4.0/tags/interceptors.go:23
booking_service/internal/app.NewApp.ChainUnaryServer.func5
	/home/ali/go/pkg/mod/github.com/grpc-ecosystem/go-grpc-middleware@v1.4.0/chain.go:53
booking_service/internal/app.NewApp.UnaryInterceptor.func7.1.1
	/home/ali/Goland/Dennic/dennic_booking_service/internal/delivery/grpc/server/middleware.go:16
booking_service/internal/app.NewApp.UnaryInterceptor.func7
	/home/ali/Goland/Dennic/dennic_booking_service/internal/delivery/grpc/server/middleware.go:23
booking_service/genproto/booking_service._BookedAppointmentsService_GetFilteredAppointments_Handler
	/home/ali/Goland/Dennic/dennic_booking_service/genproto/booking_service/booked_appointments.pb.go:1148
google.golang.org/grpc.(*Server).processUnaryRPC
	/home/ali/go/pkg/mod/google.golang.org/grpc@v1.63.2/server.go:1369
google.golang.org/grpc.(*Server).handleStream
	/home/ali/go/pkg/mod/google.golang.org/grpc@v1.63.2/server.go:1780
google.golang.org/grpc.(*Server).serveStreams.func2.1
	/home/ali/go/pkg/mod/google.golang.org/grpc@v1.63.2/server.go:1019
2024-05-20T16:05:51.384+0500	INFO	app/main.go:36	Conten service stops !
2024-05-20T16:05:57.482+0500	INFO	app/app.go:127	gRPC Server Listening	{"url": ":9090"}
2024-05-20T16:05:59.430+0500	ERROR	zap/options.go:212	finished unary call with code Unknown	{"grpc.start_time": "2024-05-20T16:05:59+05:00", "grpc.request.deadline": "2024-05-20T16:06:01+05:00", "system": "grpc", "span.kind": "server", "grpc.service": "booking_service.BookedAppointmentsService", "grpc.method": "GetFilteredAppointments", "peer.address": "[::1]:50818", "error": "ERROR: operator does not exist: uuid ~~* unknown (SQLSTATE 42883)", "grpc.code": "Unknown", "grpc.time_ms": 0.898}
github.com/grpc-ecosystem/go-grpc-middleware/logging/zap.DefaultMessageProducer
	/home/ali/go/pkg/mod/github.com/grpc-ecosystem/go-grpc-middleware@v1.4.0/logging/zap/options.go:212
github.com/grpc-ecosystem/go-grpc-middleware/logging/zap.UnaryServerInterceptor.func1
	/home/ali/go/pkg/mod/github.com/grpc-ecosystem/go-grpc-middleware@v1.4.0/logging/zap/server_interceptors.go:39
booking_service/internal/app.NewApp.ChainUnaryServer.func5.1
	/home/ali/go/pkg/mod/github.com/grpc-ecosystem/go-grpc-middleware@v1.4.0/chain.go:48
github.com/grpc-ecosystem/go-grpc-middleware/tags.UnaryServerInterceptor.func1
	/home/ali/go/pkg/mod/github.com/grpc-ecosystem/go-grpc-middleware@v1.4.0/tags/interceptors.go:23
booking_service/internal/app.NewApp.ChainUnaryServer.func5
	/home/ali/go/pkg/mod/github.com/grpc-ecosystem/go-grpc-middleware@v1.4.0/chain.go:53
booking_service/internal/app.NewApp.UnaryInterceptor.func7.1.1
	/home/ali/Goland/Dennic/dennic_booking_service/internal/delivery/grpc/server/middleware.go:16
booking_service/internal/app.NewApp.UnaryInterceptor.func7
	/home/ali/Goland/Dennic/dennic_booking_service/internal/delivery/grpc/server/middleware.go:23
booking_service/genproto/booking_service._BookedAppointmentsService_GetFilteredAppointments_Handler
	/home/ali/Goland/Dennic/dennic_booking_service/genproto/booking_service/booked_appointments.pb.go:1148
google.golang.org/grpc.(*Server).processUnaryRPC
	/home/ali/go/pkg/mod/google.golang.org/grpc@v1.63.2/server.go:1369
google.golang.org/grpc.(*Server).handleStream
	/home/ali/go/pkg/mod/google.golang.org/grpc@v1.63.2/server.go:1780
google.golang.org/grpc.(*Server).serveStreams.func2.1
	/home/ali/go/pkg/mod/google.golang.org/grpc@v1.63.2/server.go:1019
2024-05-20T16:06:29.235+0500	INFO	app/main.go:36	Conten service stops !
2024-05-20T16:08:28.662+0500	INFO	app/app.go:127	gRPC Server Listening	{"url": ":9090"}
2024-05-20T16:08:33.339+0500	ERROR	zap/options.go:212	finished unary call with code Unknown	{"grpc.start_time": "2024-05-20T16:08:33+05:00", "grpc.request.deadline": "2024-05-20T16:08:35+05:00", "system": "grpc", "span.kind": "server", "grpc.service": "booking_service.BookedAppointmentsService", "grpc.method": "GetFilteredAppointments", "peer.address": "[::1]:53882", "error": "ERROR: operator does not exist: uuid ~~* unknown (SQLSTATE 42883)", "grpc.code": "Unknown", "grpc.time_ms": 1.663}
github.com/grpc-ecosystem/go-grpc-middleware/logging/zap.DefaultMessageProducer
	/home/ali/go/pkg/mod/github.com/grpc-ecosystem/go-grpc-middleware@v1.4.0/logging/zap/options.go:212
github.com/grpc-ecosystem/go-grpc-middleware/logging/zap.UnaryServerInterceptor.func1
	/home/ali/go/pkg/mod/github.com/grpc-ecosystem/go-grpc-middleware@v1.4.0/logging/zap/server_interceptors.go:39
booking_service/internal/app.NewApp.ChainUnaryServer.func5.1
	/home/ali/go/pkg/mod/github.com/grpc-ecosystem/go-grpc-middleware@v1.4.0/chain.go:48
github.com/grpc-ecosystem/go-grpc-middleware/tags.UnaryServerInterceptor.func1
	/home/ali/go/pkg/mod/github.com/grpc-ecosystem/go-grpc-middleware@v1.4.0/tags/interceptors.go:23
booking_service/internal/app.NewApp.ChainUnaryServer.func5
	/home/ali/go/pkg/mod/github.com/grpc-ecosystem/go-grpc-middleware@v1.4.0/chain.go:53
booking_service/internal/app.NewApp.UnaryInterceptor.func7.1.1
	/home/ali/Goland/Dennic/dennic_booking_service/internal/delivery/grpc/server/middleware.go:16
booking_service/internal/app.NewApp.UnaryInterceptor.func7
	/home/ali/Goland/Dennic/dennic_booking_service/internal/delivery/grpc/server/middleware.go:23
booking_service/genproto/booking_service._BookedAppointmentsService_GetFilteredAppointments_Handler
	/home/ali/Goland/Dennic/dennic_booking_service/genproto/booking_service/booked_appointments.pb.go:1148
google.golang.org/grpc.(*Server).processUnaryRPC
	/home/ali/go/pkg/mod/google.golang.org/grpc@v1.63.2/server.go:1369
google.golang.org/grpc.(*Server).handleStream
	/home/ali/go/pkg/mod/google.golang.org/grpc@v1.63.2/server.go:1780
google.golang.org/grpc.(*Server).serveStreams.func2.1
	/home/ali/go/pkg/mod/google.golang.org/grpc@v1.63.2/server.go:1019
2024-05-20T16:22:20.456+0500	INFO	app/main.go:36	Conten service stops !
2024-05-20T16:22:23.545+0500	INFO	app/app.go:127	gRPC Server Listening	{"url": ":9090"}
2024-05-20T16:22:29.740+0500	ERROR	zap/options.go:212	finished unary call with code Unknown	{"grpc.start_time": "2024-05-20T16:22:29+05:00", "grpc.request.deadline": "2024-05-20T16:22:31+05:00", "system": "grpc", "span.kind": "server", "grpc.service": "booking_service.BookedAppointmentsService", "grpc.method": "GetFilteredAppointments", "peer.address": "[::1]:36208", "error": "ERROR: operator does not exist: uuid ~~* unknown (SQLSTATE 42883)", "grpc.code": "Unknown", "grpc.time_ms": 0.754}
github.com/grpc-ecosystem/go-grpc-middleware/logging/zap.DefaultMessageProducer
	/home/ali/go/pkg/mod/github.com/grpc-ecosystem/go-grpc-middleware@v1.4.0/logging/zap/options.go:212
github.com/grpc-ecosystem/go-grpc-middleware/logging/zap.UnaryServerInterceptor.func1
	/home/ali/go/pkg/mod/github.com/grpc-ecosystem/go-grpc-middleware@v1.4.0/logging/zap/server_interceptors.go:39
booking_service/internal/app.NewApp.ChainUnaryServer.func5.1
	/home/ali/go/pkg/mod/github.com/grpc-ecosystem/go-grpc-middleware@v1.4.0/chain.go:48
github.com/grpc-ecosystem/go-grpc-middleware/tags.UnaryServerInterceptor.func1
	/home/ali/go/pkg/mod/github.com/grpc-ecosystem/go-grpc-middleware@v1.4.0/tags/interceptors.go:23
booking_service/internal/app.NewApp.ChainUnaryServer.func5
	/home/ali/go/pkg/mod/github.com/grpc-ecosystem/go-grpc-middleware@v1.4.0/chain.go:53
booking_service/internal/app.NewApp.UnaryInterceptor.func7.1.1
	/home/ali/Goland/Dennic/dennic_booking_service/internal/delivery/grpc/server/middleware.go:16
booking_service/internal/app.NewApp.UnaryInterceptor.func7
	/home/ali/Goland/Dennic/dennic_booking_service/internal/delivery/grpc/server/middleware.go:23
booking_service/genproto/booking_service._BookedAppointmentsService_GetFilteredAppointments_Handler
	/home/ali/Goland/Dennic/dennic_booking_service/genproto/booking_service/booked_appointments.pb.go:1148
google.golang.org/grpc.(*Server).processUnaryRPC
	/home/ali/go/pkg/mod/google.golang.org/grpc@v1.63.2/server.go:1369
google.golang.org/grpc.(*Server).handleStream
	/home/ali/go/pkg/mod/google.golang.org/grpc@v1.63.2/server.go:1780
google.golang.org/grpc.(*Server).serveStreams.func2.1
	/home/ali/go/pkg/mod/google.golang.org/grpc@v1.63.2/server.go:1019
2024-05-20T16:22:32.031+0500	ERROR	zap/options.go:212	finished unary call with code Unknown	{"grpc.start_time": "2024-05-20T16:22:32+05:00", "grpc.request.deadline": "2024-05-20T16:22:34+05:00", "system": "grpc", "span.kind": "server", "grpc.service": "booking_service.BookedAppointmentsService", "grpc.method": "GetFilteredAppointments", "peer.address": "[::1]:36208", "error": "ERROR: operator does not exist: uuid ~~* unknown (SQLSTATE 42883)", "grpc.code": "Unknown", "grpc.time_ms": 0.546}
github.com/grpc-ecosystem/go-grpc-middleware/logging/zap.DefaultMessageProducer
	/home/ali/go/pkg/mod/github.com/grpc-ecosystem/go-grpc-middleware@v1.4.0/logging/zap/options.go:212
github.com/grpc-ecosystem/go-grpc-middleware/logging/zap.UnaryServerInterceptor.func1
	/home/ali/go/pkg/mod/github.com/grpc-ecosystem/go-grpc-middleware@v1.4.0/logging/zap/server_interceptors.go:39
booking_service/internal/app.NewApp.ChainUnaryServer.func5.1
	/home/ali/go/pkg/mod/github.com/grpc-ecosystem/go-grpc-middleware@v1.4.0/chain.go:48
github.com/grpc-ecosystem/go-grpc-middleware/tags.UnaryServerInterceptor.func1
	/home/ali/go/pkg/mod/github.com/grpc-ecosystem/go-grpc-middleware@v1.4.0/tags/interceptors.go:23
booking_service/internal/app.NewApp.ChainUnaryServer.func5
	/home/ali/go/pkg/mod/github.com/grpc-ecosystem/go-grpc-middleware@v1.4.0/chain.go:53
booking_service/internal/app.NewApp.UnaryInterceptor.func7.1.1
	/home/ali/Goland/Dennic/dennic_booking_service/internal/delivery/grpc/server/middleware.go:16
booking_service/internal/app.NewApp.UnaryInterceptor.func7
	/home/ali/Goland/Dennic/dennic_booking_service/internal/delivery/grpc/server/middleware.go:23
booking_service/genproto/booking_service._BookedAppointmentsService_GetFilteredAppointments_Handler
	/home/ali/Goland/Dennic/dennic_booking_service/genproto/booking_service/booked_appointments.pb.go:1148
google.golang.org/grpc.(*Server).processUnaryRPC
	/home/ali/go/pkg/mod/google.golang.org/grpc@v1.63.2/server.go:1369
google.golang.org/grpc.(*Server).handleStream
	/home/ali/go/pkg/mod/google.golang.org/grpc@v1.63.2/server.go:1780
google.golang.org/grpc.(*Server).serveStreams.func2.1
	/home/ali/go/pkg/mod/google.golang.org/grpc@v1.63.2/server.go:1019
2024-05-20T16:22:32.613+0500	ERROR	zap/options.go:212	finished unary call with code Unknown	{"grpc.start_time": "2024-05-20T16:22:32+05:00", "grpc.request.deadline": "2024-05-20T16:22:34+05:00", "system": "grpc", "span.kind": "server", "grpc.service": "booking_service.BookedAppointmentsService", "grpc.method": "GetFilteredAppointments", "peer.address": "[::1]:36208", "error": "ERROR: operator does not exist: uuid ~~* unknown (SQLSTATE 42883)", "grpc.code": "Unknown", "grpc.time_ms": 0.386}
github.com/grpc-ecosystem/go-grpc-middleware/logging/zap.DefaultMessageProducer
	/home/ali/go/pkg/mod/github.com/grpc-ecosystem/go-grpc-middleware@v1.4.0/logging/zap/options.go:212
github.com/grpc-ecosystem/go-grpc-middleware/logging/zap.UnaryServerInterceptor.func1
	/home/ali/go/pkg/mod/github.com/grpc-ecosystem/go-grpc-middleware@v1.4.0/logging/zap/server_interceptors.go:39
booking_service/internal/app.NewApp.ChainUnaryServer.func5.1
	/home/ali/go/pkg/mod/github.com/grpc-ecosystem/go-grpc-middleware@v1.4.0/chain.go:48
github.com/grpc-ecosystem/go-grpc-middleware/tags.UnaryServerInterceptor.func1
	/home/ali/go/pkg/mod/github.com/grpc-ecosystem/go-grpc-middleware@v1.4.0/tags/interceptors.go:23
booking_service/internal/app.NewApp.ChainUnaryServer.func5
	/home/ali/go/pkg/mod/github.com/grpc-ecosystem/go-grpc-middleware@v1.4.0/chain.go:53
booking_service/internal/app.NewApp.UnaryInterceptor.func7.1.1
	/home/ali/Goland/Dennic/dennic_booking_service/internal/delivery/grpc/server/middleware.go:16
booking_service/internal/app.NewApp.UnaryInterceptor.func7
	/home/ali/Goland/Dennic/dennic_booking_service/internal/delivery/grpc/server/middleware.go:23
booking_service/genproto/booking_service._BookedAppointmentsService_GetFilteredAppointments_Handler
	/home/ali/Goland/Dennic/dennic_booking_service/genproto/booking_service/booked_appointments.pb.go:1148
google.golang.org/grpc.(*Server).processUnaryRPC
	/home/ali/go/pkg/mod/google.golang.org/grpc@v1.63.2/server.go:1369
google.golang.org/grpc.(*Server).handleStream
	/home/ali/go/pkg/mod/google.golang.org/grpc@v1.63.2/server.go:1780
google.golang.org/grpc.(*Server).serveStreams.func2.1
	/home/ali/go/pkg/mod/google.golang.org/grpc@v1.63.2/server.go:1019
2024-05-20T16:23:03.500+0500	INFO	app/main.go:36	Conten service stops !
2024-05-20T16:23:05.540+0500	INFO	app/app.go:127	gRPC Server Listening	{"url": ":9090"}
2024-05-20T16:23:07.171+0500	ERROR	zap/options.go:212	finished unary call with code Unknown	{"grpc.start_time": "2024-05-20T16:23:07+05:00", "grpc.request.deadline": "2024-05-20T16:23:09+05:00", "system": "grpc", "span.kind": "server", "grpc.service": "booking_service.BookedAppointmentsService", "grpc.method": "GetFilteredAppointments", "peer.address": "[::1]:55704", "error": "ERROR: operator does not exist: uuid ~~* unknown (SQLSTATE 42883)", "grpc.code": "Unknown", "grpc.time_ms": 0.698}
github.com/grpc-ecosystem/go-grpc-middleware/logging/zap.DefaultMessageProducer
	/home/ali/go/pkg/mod/github.com/grpc-ecosystem/go-grpc-middleware@v1.4.0/logging/zap/options.go:212
github.com/grpc-ecosystem/go-grpc-middleware/logging/zap.UnaryServerInterceptor.func1
	/home/ali/go/pkg/mod/github.com/grpc-ecosystem/go-grpc-middleware@v1.4.0/logging/zap/server_interceptors.go:39
booking_service/internal/app.NewApp.ChainUnaryServer.func5.1
	/home/ali/go/pkg/mod/github.com/grpc-ecosystem/go-grpc-middleware@v1.4.0/chain.go:48
github.com/grpc-ecosystem/go-grpc-middleware/tags.UnaryServerInterceptor.func1
	/home/ali/go/pkg/mod/github.com/grpc-ecosystem/go-grpc-middleware@v1.4.0/tags/interceptors.go:23
booking_service/internal/app.NewApp.ChainUnaryServer.func5
	/home/ali/go/pkg/mod/github.com/grpc-ecosystem/go-grpc-middleware@v1.4.0/chain.go:53
booking_service/internal/app.NewApp.UnaryInterceptor.func7.1.1
	/home/ali/Goland/Dennic/dennic_booking_service/internal/delivery/grpc/server/middleware.go:16
booking_service/internal/app.NewApp.UnaryInterceptor.func7
	/home/ali/Goland/Dennic/dennic_booking_service/internal/delivery/grpc/server/middleware.go:23
booking_service/genproto/booking_service._BookedAppointmentsService_GetFilteredAppointments_Handler
	/home/ali/Goland/Dennic/dennic_booking_service/genproto/booking_service/booked_appointments.pb.go:1148
google.golang.org/grpc.(*Server).processUnaryRPC
	/home/ali/go/pkg/mod/google.golang.org/grpc@v1.63.2/server.go:1369
google.golang.org/grpc.(*Server).handleStream
	/home/ali/go/pkg/mod/google.golang.org/grpc@v1.63.2/server.go:1780
google.golang.org/grpc.(*Server).serveStreams.func2.1
	/home/ali/go/pkg/mod/google.golang.org/grpc@v1.63.2/server.go:1019
2024-05-20T16:23:08.018+0500	ERROR	zap/options.go:212	finished unary call with code Unknown	{"grpc.start_time": "2024-05-20T16:23:08+05:00", "grpc.request.deadline": "2024-05-20T16:23:10+05:00", "system": "grpc", "span.kind": "server", "grpc.service": "booking_service.BookedAppointmentsService", "grpc.method": "GetFilteredAppointments", "peer.address": "[::1]:55704", "error": "ERROR: operator does not exist: uuid ~~* unknown (SQLSTATE 42883)", "grpc.code": "Unknown", "grpc.time_ms": 0.819}
github.com/grpc-ecosystem/go-grpc-middleware/logging/zap.DefaultMessageProducer
	/home/ali/go/pkg/mod/github.com/grpc-ecosystem/go-grpc-middleware@v1.4.0/logging/zap/options.go:212
github.com/grpc-ecosystem/go-grpc-middleware/logging/zap.UnaryServerInterceptor.func1
	/home/ali/go/pkg/mod/github.com/grpc-ecosystem/go-grpc-middleware@v1.4.0/logging/zap/server_interceptors.go:39
booking_service/internal/app.NewApp.ChainUnaryServer.func5.1
	/home/ali/go/pkg/mod/github.com/grpc-ecosystem/go-grpc-middleware@v1.4.0/chain.go:48
github.com/grpc-ecosystem/go-grpc-middleware/tags.UnaryServerInterceptor.func1
	/home/ali/go/pkg/mod/github.com/grpc-ecosystem/go-grpc-middleware@v1.4.0/tags/interceptors.go:23
booking_service/internal/app.NewApp.ChainUnaryServer.func5
	/home/ali/go/pkg/mod/github.com/grpc-ecosystem/go-grpc-middleware@v1.4.0/chain.go:53
booking_service/internal/app.NewApp.UnaryInterceptor.func7.1.1
	/home/ali/Goland/Dennic/dennic_booking_service/internal/delivery/grpc/server/middleware.go:16
booking_service/internal/app.NewApp.UnaryInterceptor.func7
	/home/ali/Goland/Dennic/dennic_booking_service/internal/delivery/grpc/server/middleware.go:23
booking_service/genproto/booking_service._BookedAppointmentsService_GetFilteredAppointments_Handler
	/home/ali/Goland/Dennic/dennic_booking_service/genproto/booking_service/booked_appointments.pb.go:1148
google.golang.org/grpc.(*Server).processUnaryRPC
	/home/ali/go/pkg/mod/google.golang.org/grpc@v1.63.2/server.go:1369
google.golang.org/grpc.(*Server).handleStream
	/home/ali/go/pkg/mod/google.golang.org/grpc@v1.63.2/server.go:1780
google.golang.org/grpc.(*Server).serveStreams.func2.1
	/home/ali/go/pkg/mod/google.golang.org/grpc@v1.63.2/server.go:1019
2024-05-20T16:23:10.356+0500	ERROR	zap/options.go:212	finished unary call with code Unknown	{"grpc.start_time": "2024-05-20T16:23:10+05:00", "grpc.request.deadline": "2024-05-20T16:23:12+05:00", "system": "grpc", "span.kind": "server", "grpc.service": "booking_service.BookedAppointmentsService", "grpc.method": "GetFilteredAppointments", "peer.address": "[::1]:55704", "error": "ERROR: operator does not exist: uuid ~~* unknown (SQLSTATE 42883)", "grpc.code": "Unknown", "grpc.time_ms": 0.415}
github.com/grpc-ecosystem/go-grpc-middleware/logging/zap.DefaultMessageProducer
	/home/ali/go/pkg/mod/github.com/grpc-ecosystem/go-grpc-middleware@v1.4.0/logging/zap/options.go:212
github.com/grpc-ecosystem/go-grpc-middleware/logging/zap.UnaryServerInterceptor.func1
	/home/ali/go/pkg/mod/github.com/grpc-ecosystem/go-grpc-middleware@v1.4.0/logging/zap/server_interceptors.go:39
booking_service/internal/app.NewApp.ChainUnaryServer.func5.1
	/home/ali/go/pkg/mod/github.com/grpc-ecosystem/go-grpc-middleware@v1.4.0/chain.go:48
github.com/grpc-ecosystem/go-grpc-middleware/tags.UnaryServerInterceptor.func1
	/home/ali/go/pkg/mod/github.com/grpc-ecosystem/go-grpc-middleware@v1.4.0/tags/interceptors.go:23
booking_service/internal/app.NewApp.ChainUnaryServer.func5
	/home/ali/go/pkg/mod/github.com/grpc-ecosystem/go-grpc-middleware@v1.4.0/chain.go:53
booking_service/internal/app.NewApp.UnaryInterceptor.func7.1.1
	/home/ali/Goland/Dennic/dennic_booking_service/internal/delivery/grpc/server/middleware.go:16
booking_service/internal/app.NewApp.UnaryInterceptor.func7
	/home/ali/Goland/Dennic/dennic_booking_service/internal/delivery/grpc/server/middleware.go:23
booking_service/genproto/booking_service._BookedAppointmentsService_GetFilteredAppointments_Handler
	/home/ali/Goland/Dennic/dennic_booking_service/genproto/booking_service/booked_appointments.pb.go:1148
google.golang.org/grpc.(*Server).processUnaryRPC
	/home/ali/go/pkg/mod/google.golang.org/grpc@v1.63.2/server.go:1369
google.golang.org/grpc.(*Server).handleStream
	/home/ali/go/pkg/mod/google.golang.org/grpc@v1.63.2/server.go:1780
google.golang.org/grpc.(*Server).serveStreams.func2.1
	/home/ali/go/pkg/mod/google.golang.org/grpc@v1.63.2/server.go:1019
2024-05-20T16:23:46.249+0500	INFO	app/main.go:36	Conten service stops !
2024-05-20T16:23:48.442+0500	INFO	app/app.go:127	gRPC Server Listening	{"url": ":9090"}
2024-05-20T16:23:52.425+0500	ERROR	zap/options.go:212	finished unary call with code Unknown	{"grpc.start_time": "2024-05-20T16:23:52+05:00", "grpc.request.deadline": "2024-05-20T16:23:54+05:00", "system": "grpc", "span.kind": "server", "grpc.service": "booking_service.BookedAppointmentsService", "grpc.method": "GetFilteredAppointments", "peer.address": "[::1]:39036", "error": "ERROR: operator does not exist: uuid ~~* unknown (SQLSTATE 42883)", "grpc.code": "Unknown", "grpc.time_ms": 3.915}
github.com/grpc-ecosystem/go-grpc-middleware/logging/zap.DefaultMessageProducer
	/home/ali/go/pkg/mod/github.com/grpc-ecosystem/go-grpc-middleware@v1.4.0/logging/zap/options.go:212
github.com/grpc-ecosystem/go-grpc-middleware/logging/zap.UnaryServerInterceptor.func1
	/home/ali/go/pkg/mod/github.com/grpc-ecosystem/go-grpc-middleware@v1.4.0/logging/zap/server_interceptors.go:39
booking_service/internal/app.NewApp.ChainUnaryServer.func5.1
	/home/ali/go/pkg/mod/github.com/grpc-ecosystem/go-grpc-middleware@v1.4.0/chain.go:48
github.com/grpc-ecosystem/go-grpc-middleware/tags.UnaryServerInterceptor.func1
	/home/ali/go/pkg/mod/github.com/grpc-ecosystem/go-grpc-middleware@v1.4.0/tags/interceptors.go:23
booking_service/internal/app.NewApp.ChainUnaryServer.func5
	/home/ali/go/pkg/mod/github.com/grpc-ecosystem/go-grpc-middleware@v1.4.0/chain.go:53
booking_service/internal/app.NewApp.UnaryInterceptor.func7.1.1
	/home/ali/Goland/Dennic/dennic_booking_service/internal/delivery/grpc/server/middleware.go:16
booking_service/internal/app.NewApp.UnaryInterceptor.func7
	/home/ali/Goland/Dennic/dennic_booking_service/internal/delivery/grpc/server/middleware.go:23
booking_service/genproto/booking_service._BookedAppointmentsService_GetFilteredAppointments_Handler
	/home/ali/Goland/Dennic/dennic_booking_service/genproto/booking_service/booked_appointments.pb.go:1148
google.golang.org/grpc.(*Server).processUnaryRPC
	/home/ali/go/pkg/mod/google.golang.org/grpc@v1.63.2/server.go:1369
google.golang.org/grpc.(*Server).handleStream
	/home/ali/go/pkg/mod/google.golang.org/grpc@v1.63.2/server.go:1780
google.golang.org/grpc.(*Server).serveStreams.func2.1
	/home/ali/go/pkg/mod/google.golang.org/grpc@v1.63.2/server.go:1019
2024-05-20T16:24:14.634+0500	INFO	app/main.go:36	Conten service stops !
2024-05-20T16:24:17.717+0500	INFO	app/app.go:127	gRPC Server Listening	{"url": ":9090"}
2024-05-20T16:24:19.217+0500	ERROR	zap/options.go:212	finished unary call with code Unknown	{"grpc.start_time": "2024-05-20T16:24:19+05:00", "grpc.request.deadline": "2024-05-20T16:24:21+05:00", "system": "grpc", "span.kind": "server", "grpc.service": "booking_service.BookedAppointmentsService", "grpc.method": "GetFilteredAppointments", "peer.address": "[::1]:47696", "error": "ERROR: operator does not exist: uuid ~~* unknown (SQLSTATE 42883)", "grpc.code": "Unknown", "grpc.time_ms": 0.843}
github.com/grpc-ecosystem/go-grpc-middleware/logging/zap.DefaultMessageProducer
	/home/ali/go/pkg/mod/github.com/grpc-ecosystem/go-grpc-middleware@v1.4.0/logging/zap/options.go:212
github.com/grpc-ecosystem/go-grpc-middleware/logging/zap.UnaryServerInterceptor.func1
	/home/ali/go/pkg/mod/github.com/grpc-ecosystem/go-grpc-middleware@v1.4.0/logging/zap/server_interceptors.go:39
booking_service/internal/app.NewApp.ChainUnaryServer.func5.1
	/home/ali/go/pkg/mod/github.com/grpc-ecosystem/go-grpc-middleware@v1.4.0/chain.go:48
github.com/grpc-ecosystem/go-grpc-middleware/tags.UnaryServerInterceptor.func1
	/home/ali/go/pkg/mod/github.com/grpc-ecosystem/go-grpc-middleware@v1.4.0/tags/interceptors.go:23
booking_service/internal/app.NewApp.ChainUnaryServer.func5
	/home/ali/go/pkg/mod/github.com/grpc-ecosystem/go-grpc-middleware@v1.4.0/chain.go:53
booking_service/internal/app.NewApp.UnaryInterceptor.func7.1.1
	/home/ali/Goland/Dennic/dennic_booking_service/internal/delivery/grpc/server/middleware.go:16
booking_service/internal/app.NewApp.UnaryInterceptor.func7
	/home/ali/Goland/Dennic/dennic_booking_service/internal/delivery/grpc/server/middleware.go:23
booking_service/genproto/booking_service._BookedAppointmentsService_GetFilteredAppointments_Handler
	/home/ali/Goland/Dennic/dennic_booking_service/genproto/booking_service/booked_appointments.pb.go:1148
google.golang.org/grpc.(*Server).processUnaryRPC
	/home/ali/go/pkg/mod/google.golang.org/grpc@v1.63.2/server.go:1369
google.golang.org/grpc.(*Server).handleStream
	/home/ali/go/pkg/mod/google.golang.org/grpc@v1.63.2/server.go:1780
google.golang.org/grpc.(*Server).serveStreams.func2.1
	/home/ali/go/pkg/mod/google.golang.org/grpc@v1.63.2/server.go:1019
2024-05-20T16:24:20.798+0500	ERROR	zap/options.go:212	finished unary call with code Unknown	{"grpc.start_time": "2024-05-20T16:24:20+05:00", "grpc.request.deadline": "2024-05-20T16:24:22+05:00", "system": "grpc", "span.kind": "server", "grpc.service": "booking_service.BookedAppointmentsService", "grpc.method": "GetFilteredAppointments", "peer.address": "[::1]:47696", "error": "ERROR: operator does not exist: uuid ~~* unknown (SQLSTATE 42883)", "grpc.code": "Unknown", "grpc.time_ms": 0.705}
github.com/grpc-ecosystem/go-grpc-middleware/logging/zap.DefaultMessageProducer
	/home/ali/go/pkg/mod/github.com/grpc-ecosystem/go-grpc-middleware@v1.4.0/logging/zap/options.go:212
github.com/grpc-ecosystem/go-grpc-middleware/logging/zap.UnaryServerInterceptor.func1
	/home/ali/go/pkg/mod/github.com/grpc-ecosystem/go-grpc-middleware@v1.4.0/logging/zap/server_interceptors.go:39
booking_service/internal/app.NewApp.ChainUnaryServer.func5.1
	/home/ali/go/pkg/mod/github.com/grpc-ecosystem/go-grpc-middleware@v1.4.0/chain.go:48
github.com/grpc-ecosystem/go-grpc-middleware/tags.UnaryServerInterceptor.func1
	/home/ali/go/pkg/mod/github.com/grpc-ecosystem/go-grpc-middleware@v1.4.0/tags/interceptors.go:23
booking_service/internal/app.NewApp.ChainUnaryServer.func5
	/home/ali/go/pkg/mod/github.com/grpc-ecosystem/go-grpc-middleware@v1.4.0/chain.go:53
booking_service/internal/app.NewApp.UnaryInterceptor.func7.1.1
	/home/ali/Goland/Dennic/dennic_booking_service/internal/delivery/grpc/server/middleware.go:16
booking_service/internal/app.NewApp.UnaryInterceptor.func7
	/home/ali/Goland/Dennic/dennic_booking_service/internal/delivery/grpc/server/middleware.go:23
booking_service/genproto/booking_service._BookedAppointmentsService_GetFilteredAppointments_Handler
	/home/ali/Goland/Dennic/dennic_booking_service/genproto/booking_service/booked_appointments.pb.go:1148
google.golang.org/grpc.(*Server).processUnaryRPC
	/home/ali/go/pkg/mod/google.golang.org/grpc@v1.63.2/server.go:1369
google.golang.org/grpc.(*Server).handleStream
	/home/ali/go/pkg/mod/google.golang.org/grpc@v1.63.2/server.go:1780
google.golang.org/grpc.(*Server).serveStreams.func2.1
	/home/ali/go/pkg/mod/google.golang.org/grpc@v1.63.2/server.go:1019
2024-05-20T16:25:04.048+0500	INFO	app/main.go:36	Conten service stops !
2024-05-20T16:25:07.363+0500	INFO	app/app.go:127	gRPC Server Listening	{"url": ":9090"}
2024-05-20T16:25:08.847+0500	ERROR	zap/options.go:212	finished unary call with code Unknown	{"grpc.start_time": "2024-05-20T16:25:08+05:00", "grpc.request.deadline": "2024-05-20T16:25:10+05:00", "system": "grpc", "span.kind": "server", "grpc.service": "booking_service.BookedAppointmentsService", "grpc.method": "GetFilteredAppointments", "peer.address": "[::1]:49932", "error": "expected 1 arguments, got 0", "grpc.code": "Unknown", "grpc.time_ms": 4.734}
github.com/grpc-ecosystem/go-grpc-middleware/logging/zap.DefaultMessageProducer
	/home/ali/go/pkg/mod/github.com/grpc-ecosystem/go-grpc-middleware@v1.4.0/logging/zap/options.go:212
github.com/grpc-ecosystem/go-grpc-middleware/logging/zap.UnaryServerInterceptor.func1
	/home/ali/go/pkg/mod/github.com/grpc-ecosystem/go-grpc-middleware@v1.4.0/logging/zap/server_interceptors.go:39
booking_service/internal/app.NewApp.ChainUnaryServer.func5.1
	/home/ali/go/pkg/mod/github.com/grpc-ecosystem/go-grpc-middleware@v1.4.0/chain.go:48
github.com/grpc-ecosystem/go-grpc-middleware/tags.UnaryServerInterceptor.func1
	/home/ali/go/pkg/mod/github.com/grpc-ecosystem/go-grpc-middleware@v1.4.0/tags/interceptors.go:23
booking_service/internal/app.NewApp.ChainUnaryServer.func5
	/home/ali/go/pkg/mod/github.com/grpc-ecosystem/go-grpc-middleware@v1.4.0/chain.go:53
booking_service/internal/app.NewApp.UnaryInterceptor.func7.1.1
	/home/ali/Goland/Dennic/dennic_booking_service/internal/delivery/grpc/server/middleware.go:16
booking_service/internal/app.NewApp.UnaryInterceptor.func7
	/home/ali/Goland/Dennic/dennic_booking_service/internal/delivery/grpc/server/middleware.go:23
booking_service/genproto/booking_service._BookedAppointmentsService_GetFilteredAppointments_Handler
	/home/ali/Goland/Dennic/dennic_booking_service/genproto/booking_service/booked_appointments.pb.go:1148
google.golang.org/grpc.(*Server).processUnaryRPC
	/home/ali/go/pkg/mod/google.golang.org/grpc@v1.63.2/server.go:1369
google.golang.org/grpc.(*Server).handleStream
	/home/ali/go/pkg/mod/google.golang.org/grpc@v1.63.2/server.go:1780
google.golang.org/grpc.(*Server).serveStreams.func2.1
	/home/ali/go/pkg/mod/google.golang.org/grpc@v1.63.2/server.go:1019
2024-05-20T16:25:57.220+0500	INFO	app/main.go:36	Conten service stops !
2024-05-20T16:26:00.046+0500	INFO	app/app.go:127	gRPC Server Listening	{"url": ":9090"}
2024-05-20T16:26:01.547+0500	INFO	zap/options.go:212	finished unary call with code OK	{"grpc.start_time": "2024-05-20T16:26:01+05:00", "grpc.request.deadline": "2024-05-20T16:26:03+05:00", "system": "grpc", "span.kind": "server", "grpc.service": "booking_service.BookedAppointmentsService", "grpc.method": "GetFilteredAppointments", "peer.address": "[::1]:57654", "grpc.code": "OK", "grpc.time_ms": 7.17}
2024-05-20T16:29:08.426+0500	INFO	app/main.go:36	Conten service stops !
2024-05-20T16:29:10.601+0500	INFO	app/app.go:127	gRPC Server Listening	{"url": ":9090"}
2024-05-20T16:29:16.142+0500	ERROR	zap/options.go:212	finished unary call with code Unknown	{"grpc.start_time": "2024-05-20T16:29:16+05:00", "grpc.request.deadline": "2024-05-20T16:29:18+05:00", "system": "grpc", "span.kind": "server", "grpc.service": "booking_service.BookedAppointmentsService", "grpc.method": "GetFilteredAppointments", "peer.address": "[::1]:40464", "error": "ERROR: operator does not exist: uuid ~~* unknown (SQLSTATE 42883)", "grpc.code": "Unknown", "grpc.time_ms": 1.054}
github.com/grpc-ecosystem/go-grpc-middleware/logging/zap.DefaultMessageProducer
	/home/ali/go/pkg/mod/github.com/grpc-ecosystem/go-grpc-middleware@v1.4.0/logging/zap/options.go:212
github.com/grpc-ecosystem/go-grpc-middleware/logging/zap.UnaryServerInterceptor.func1
	/home/ali/go/pkg/mod/github.com/grpc-ecosystem/go-grpc-middleware@v1.4.0/logging/zap/server_interceptors.go:39
booking_service/internal/app.NewApp.ChainUnaryServer.func5.1
	/home/ali/go/pkg/mod/github.com/grpc-ecosystem/go-grpc-middleware@v1.4.0/chain.go:48
github.com/grpc-ecosystem/go-grpc-middleware/tags.UnaryServerInterceptor.func1
	/home/ali/go/pkg/mod/github.com/grpc-ecosystem/go-grpc-middleware@v1.4.0/tags/interceptors.go:23
booking_service/internal/app.NewApp.ChainUnaryServer.func5
	/home/ali/go/pkg/mod/github.com/grpc-ecosystem/go-grpc-middleware@v1.4.0/chain.go:53
booking_service/internal/app.NewApp.UnaryInterceptor.func7.1.1
	/home/ali/Goland/Dennic/dennic_booking_service/internal/delivery/grpc/server/middleware.go:16
booking_service/internal/app.NewApp.UnaryInterceptor.func7
	/home/ali/Goland/Dennic/dennic_booking_service/internal/delivery/grpc/server/middleware.go:23
booking_service/genproto/booking_service._BookedAppointmentsService_GetFilteredAppointments_Handler
	/home/ali/Goland/Dennic/dennic_booking_service/genproto/booking_service/booked_appointments.pb.go:1148
google.golang.org/grpc.(*Server).processUnaryRPC
	/home/ali/go/pkg/mod/google.golang.org/grpc@v1.63.2/server.go:1369
google.golang.org/grpc.(*Server).handleStream
	/home/ali/go/pkg/mod/google.golang.org/grpc@v1.63.2/server.go:1780
google.golang.org/grpc.(*Server).serveStreams.func2.1
	/home/ali/go/pkg/mod/google.golang.org/grpc@v1.63.2/server.go:1019
2024-05-20T16:29:20.796+0500	INFO	app/main.go:36	Conten service stops !
2024-05-20T16:29:34.419+0500	INFO	app/app.go:127	gRPC Server Listening	{"url": ":9090"}
2024-05-20T16:29:45.033+0500	INFO	zap/options.go:212	finished unary call with code OK	{"grpc.start_time": "2024-05-20T16:29:45+05:00", "grpc.request.deadline": "2024-05-20T16:29:47+05:00", "system": "grpc", "span.kind": "server", "grpc.service": "booking_service.BookedAppointmentsService", "grpc.method": "GetFilteredAppointments", "peer.address": "[::1]:41468", "grpc.code": "OK", "grpc.time_ms": 5.864}
2024-05-20T16:37:33.052+0500	INFO	app/main.go:36	Conten service stops !
2024-05-20T16:37:34.828+0500	INFO	app/app.go:127	gRPC Server Listening	{"url": ":9090"}
2024-05-20T16:37:38.479+0500	INFO	zap/options.go:212	finished unary call with code OK	{"grpc.start_time": "2024-05-20T16:37:38+05:00", "grpc.request.deadline": "2024-05-20T16:37:40+05:00", "system": "grpc", "span.kind": "server", "grpc.service": "booking_service.BookedAppointmentsService", "grpc.method": "GetFilteredAppointments", "peer.address": "[::1]:45066", "grpc.code": "OK", "grpc.time_ms": 4.615}
2024-05-20T16:37:54.505+0500	INFO	zap/options.go:212	finished unary call with code OK	{"grpc.start_time": "2024-05-20T16:37:54+05:00", "grpc.request.deadline": "2024-05-20T16:37:56+05:00", "system": "grpc", "span.kind": "server", "grpc.service": "booking_service.BookedAppointmentsService", "grpc.method": "GetFilteredAppointments", "peer.address": "[::1]:45066", "grpc.code": "OK", "grpc.time_ms": 0.717}
2024-05-20T17:16:48.918+0500	INFO	app/main.go:36	Conten service stops !
